{"uuid":"7717a1c8-27b3-4ce9-ab14-efd03cf12f0a","historyId":"81a30f2b0111ebe5b449b2e174a07aa1","fullName":"src/test/resources/features/order.feature:4","labels":[{"name":"tag","value":"RunThis"},{"name":"host","value":"DESKTOP-0R1337L"},{"name":"thread","value":"29108@DESKTOP-0R1337L.TestNG-PoolService-3(40)"},{"name":"feature","value":"Order a product"},{"name":"story","value":"Successful order"},{"name":"suite","value":"Order a product"},{"name":"testClass","value":"Successful order"},{"name":"framework","value":"cucumber4jvm"},{"name":"language","value":"java"},{"name":"gherkin_uri","value":"file:///D:/Engineer/FL/EJADA_Automation_Assignment/src/test/resources/features/order.feature"},{"name":"package","value":"src.test.resources.features.order_feature.Order a product"}],"links":[],"name":"Successful order","status":"failed","statusDetails":{"known":false,"muted":false,"flaky":false,"message":"expected [true] but found [false]","trace":"java.lang.AssertionError: expected [true] but found [false]\r\n\tat org.testng.Assert.fail(Assert.java:111)\r\n\tat org.testng.Assert.failNotEquals(Assert.java:1578)\r\n\tat org.testng.Assert.assertTrue(Assert.java:57)\r\n\tat org.testng.Assert.assertTrue(Assert.java:67)\r\n\tat stepDefinitions.OrderSteps.iAddAProductToTheCartAndCompleteTheCheckout(OrderSteps.java:42)\r\n\tat ✽.I add a product to the cart and complete the checkout(file:///D:/Engineer/FL/EJADA_Automation_Assignment/src/test/resources/features/order.feature:6)\r\n"},"stage":"finished","steps":[{"name":"Given  I am logged in as \"standard_user\"","status":"passed","statusDetails":{"known":false,"muted":false,"flaky":false},"stage":"finished","steps":[],"attachments":[],"parameters":[],"start":1752101927994,"stop":1752101932715},{"name":"When  I add a product to the cart and complete the checkout","status":"failed","statusDetails":{"known":false,"muted":false,"flaky":false,"message":"expected [true] but found [false]","trace":"java.lang.AssertionError: expected [true] but found [false]\r\n\tat org.testng.Assert.fail(Assert.java:111)\r\n\tat org.testng.Assert.failNotEquals(Assert.java:1578)\r\n\tat org.testng.Assert.assertTrue(Assert.java:57)\r\n\tat org.testng.Assert.assertTrue(Assert.java:67)\r\n\tat stepDefinitions.OrderSteps.iAddAProductToTheCartAndCompleteTheCheckout(OrderSteps.java:42)\r\n\tat ✽.I add a product to the cart and complete the checkout(file:///D:/Engineer/FL/EJADA_Automation_Assignment/src/test/resources/features/order.feature:6)\r\n"},"stage":"finished","steps":[],"attachments":[],"parameters":[],"start":1752101932715,"stop":1752101933116},{"name":"Then  I should see the order confirmation","status":"skipped","statusDetails":{"known":false,"muted":false,"flaky":false},"stage":"finished","steps":[],"attachments":[],"parameters":[],"start":1752101933117,"stop":1752101933118}],"attachments":[],"parameters":[],"start":1752101924921,"stop":1752101933472}