{"uuid":"850a6563-fafb-425b-8afa-74a6890f66c4","historyId":"ed4a7411e3bb0312338680827366803a","fullName":"src/test/resources/features/login.feature:11","labels":[{"name":"tag","value":"RunThis"},{"name":"host","value":"DESKTOP-0R1337L"},{"name":"thread","value":"29864@DESKTOP-0R1337L.TestNG-tests-2(38)"},{"name":"feature","value":"SauceDemo Login"},{"name":"story","value":"Login with different user types"},{"name":"suite","value":"SauceDemo Login"},{"name":"testClass","value":"Login with different user types"},{"name":"framework","value":"cucumber4jvm"},{"name":"language","value":"java"},{"name":"gherkin_uri","value":"file:///D:/Engineer/FL/EJADA_Automation_Assignment/src/test/resources/features/login.feature"},{"name":"package","value":"src.test.resources.features.login_feature.SauceDemo Login"}],"links":[],"name":"Login with different user types","status":"failed","statusDetails":{"known":false,"muted":false,"flaky":false,"message":"expected [true] but found [false]","trace":"java.lang.AssertionError: expected [true] but found [false]\r\n\tat org.testng.Assert.fail(Assert.java:111)\r\n\tat org.testng.Assert.failNotEquals(Assert.java:1578)\r\n\tat org.testng.Assert.assertTrue(Assert.java:57)\r\n\tat org.testng.Assert.assertTrue(Assert.java:67)\r\n\tat stepDefinitions.LoginSteps.iShouldSee(LoginSteps.java:53)\r\n\tat ✽.I should see \"product page\"(file:///D:/Engineer/FL/EJADA_Automation_Assignment/src/test/resources/features/login.feature:7)\r\n"},"stage":"finished","steps":[{"name":"Given  I am on the login page","status":"passed","statusDetails":{"known":false,"muted":false,"flaky":false},"stage":"finished","steps":[],"attachments":[],"parameters":[],"start":1752097180111,"stop":1752097183278},{"name":"When  I login with username \"standard_user\" and password \"secret_sauce\"","status":"passed","statusDetails":{"known":false,"muted":false,"flaky":false},"stage":"finished","steps":[],"attachments":[],"parameters":[],"start":1752097183278,"stop":1752097183634},{"name":"Then  I should see \"product page\"","status":"failed","statusDetails":{"known":false,"muted":false,"flaky":false,"message":"expected [true] but found [false]","trace":"java.lang.AssertionError: expected [true] but found [false]\r\n\tat org.testng.Assert.fail(Assert.java:111)\r\n\tat org.testng.Assert.failNotEquals(Assert.java:1578)\r\n\tat org.testng.Assert.assertTrue(Assert.java:57)\r\n\tat org.testng.Assert.assertTrue(Assert.java:67)\r\n\tat stepDefinitions.LoginSteps.iShouldSee(LoginSteps.java:53)\r\n\tat ✽.I should see \"product page\"(file:///D:/Engineer/FL/EJADA_Automation_Assignment/src/test/resources/features/login.feature:7)\r\n"},"stage":"finished","steps":[],"attachments":[],"parameters":[],"start":1752097183635,"stop":1752097183652}],"attachments":[],"parameters":[{"name":"username","value":"standard_user"},{"name":"password","value":"secret_sauce"},{"name":"result","value":"product page"}],"start":1752097175578,"stop":1752097183974}